{"logTime": "0322/134651", "correlationVector":"bde2bSeDYJJM0EzCf4g8Ei.0","action":"FeedSettingFetch_homeCloud", "result":"0", "context":{}}
{"logTime": "0322/134651", "correlationVector":"bde2bSeDYJJM0EzCf4g8Ei.0","action":"SyncServerConnectionManagerRequest", "result":"SYNC_SERVER_OK", "context":{"environment":"", "server":""}}
{"logTime": "0322/134651", "correlationVector":"aOmRIvIHVjSXitzLWZqNDs.1","action":"SyncServerConnectionManagerRequest", "result":"SYNC_SERVER_OK", "context":{"environment":"Prod_SoutheastAsia_000j", "server":"GENERAL01000005"}}
{"logTime": "0322/134651", "correlationVector":"aOmRIvIHVjSXitzLWZqNDs","action":"Initial GetUpdates", "result":"", "context":Reason: NEW_CLIENT. cV=aOmRIvIHVjSXitzLWZqNDs}
{"logTime": "0322/134653", "correlationVector":"aOmRIvIHVjSXitzLWZqNDs.2","action":"GetUpdates Response", "result":"SYNCER_OK", "context":Received 1 update(s). cV=aOmRIvIHVjSXitzLWZqNDs.0;server=GENERAL01000005;cloudType=Consumer;environment=Prod_SoutheastAsia_000j;migrationStage=NotStarted}
{"logTime": "0322/134654", "correlationVector":"5J5VoYtxUhCcuMqvfevjuM","action":"Normal GetUpdate request", "result":"", "context":cV=5J5VoYtxUhCcuMqvfevjuM
Refresh requested types: Encryption Keys}
{"logTime": "0322/134656", "correlationVector":"5J5VoYtxUhCcuMqvfevjuM.1","action":"SyncServerConnectionManagerRequest", "result":"SYNC_SERVER_OK", "context":{"environment":"Prod_SoutheastAsia_000j", "server":"GENERAL0100000K"}}
{"logTime": "0322/134657", "correlationVector":"5J5VoYtxUhCcuMqvfevjuM.2","action":"GetUpdates Response", "result":"SYNCER_OK", "context":Received 0 update(s). cV=5J5VoYtxUhCcuMqvfevjuM.0;server=GENERAL0100000K;cloudType=Consumer;environment=Prod_SoutheastAsia_000j;migrationStage=NotStarted}
{"logTime": "0322/141205", "correlationVector":"Q8mPOwF9TZRC3LjMjzWcYw.0","action":"FeedSettingFetch_homeCloud", "result":"0", "context":{}}
{"logTime": "0322/141205", "correlationVector":"AVptfa+EyGV8anADR8uuT3.1","action":"SyncServerConnectionManagerRequest", "result":"SYNC_SERVER_OK", "context":{"environment":"Prod_SoutheastAsia_000j", "server":"GENERAL0100001E"}}
{"logTime": "0322/141205", "correlationVector":"AVptfa+EyGV8anADR8uuT3","action":"Initial GetUpdates", "result":"", "context":Reason: NEW_CLIENT. cV=AVptfa+EyGV8anADR8uuT3}
{"logTime": "0322/141205", "correlationVector":"AVptfa+EyGV8anADR8uuT3.2","action":"GetUpdates Response", "result":"SYNCER_OK", "context":Received 1 update(s). cV=AVptfa+EyGV8anADR8uuT3.0;server=GENERAL0100001E;cloudType=Consumer;environment=Prod_SoutheastAsia_000j;migrationStage=NotStarted}
{"logTime": "0322/141205", "correlationVector":"+cqHNlP0to+RFcQJG6cZRe","action":"SyncServerConnectionManagerRequest", "result":"SYNC_SERVER_OK", "context":{"environment":"", "server":""}}
{"logTime": "0322/141205", "correlationVector":"drJBmZF/tDoTeHTcoaoEjD","action":"Normal GetUpdate request", "result":"", "context":cV=drJBmZF/tDoTeHTcoaoEjD
Refresh requested types: Encryption Keys}
{"logTime": "0322/141206", "correlationVector":"drJBmZF/tDoTeHTcoaoEjD.1","action":"SyncServerConnectionManagerRequest", "result":"SYNC_SERVER_OK", "context":{"environment":"Prod_SoutheastAsia_000j", "server":"GENERAL01000018"}}
{"logTime": "0322/141206", "correlationVector":"drJBmZF/tDoTeHTcoaoEjD.2","action":"GetUpdates Response", "result":"SYNCER_OK", "context":Received 0 update(s). cV=drJBmZF/tDoTeHTcoaoEjD.0;server=GENERAL01000018;cloudType=Consumer;environment=Prod_SoutheastAsia_000j;migrationStage=NotStarted}
{"logTime": "0322/141206", "correlationVector":"uTbZOQlgfnfpx3ebCnnBid","action":"Normal GetUpdate request", "result":"", "context":cV=uTbZOQlgfnfpx3ebCnnBid
Refresh requested types: Encryption Keys}
{"logTime": "0322/141206", "correlationVector":"uTbZOQlgfnfpx3ebCnnBid.1","action":"SyncServerConnectionManagerRequest", "result":"SYNC_SERVER_OK", "context":{"environment":"Prod_SoutheastAsia_000j", "server":"GENERAL0100001B"}}
{"logTime": "0322/141206", "correlationVector":"uTbZOQlgfnfpx3ebCnnBid.2","action":"GetUpdates Response", "result":"SYNCER_OK", "context":Received 0 update(s). cV=uTbZOQlgfnfpx3ebCnnBid.0;server=GENERAL0100001B;cloudType=Consumer;environment=Prod_SoutheastAsia_000j;migrationStage=NotStarted}
{"logTime": "0322/145021", "correlationVector":"vJv/RJmwkG119uqwEH82BV.0","action":"FeedSettingFetch_homeCloud", "result":"0", "context":{}}
{"logTime": "0322/145022", "correlationVector":"vJv/RJmwkG119uqwEH82BV.0","action":"SyncServerConnectionManagerRequest", "result":"SYNC_SERVER_OK", "context":{"environment":"", "server":""}}
{"logTime": "0322/145024", "correlationVector":"h6Z+oYUe9gM5rhE4Fno1dg.1","action":"SyncServerConnectionManagerRequest", "result":"SYNC_SERVER_OK", "context":{"environment":"Prod_SoutheastAsia_000j", "server":"GENERAL0100000A"}}
{"logTime": "0322/145024", "correlationVector":"h6Z+oYUe9gM5rhE4Fno1dg","action":"Initial GetUpdates", "result":"", "context":Reason: NEW_CLIENT. cV=h6Z+oYUe9gM5rhE4Fno1dg}
{"logTime": "0322/145024", "correlationVector":"h6Z+oYUe9gM5rhE4Fno1dg.2","action":"GetUpdates Response", "result":"SYNCER_OK", "context":Received 1 update(s). cV=h6Z+oYUe9gM5rhE4Fno1dg.0;server=GENERAL0100000A;cloudType=Consumer;environment=Prod_SoutheastAsia_000j;migrationStage=NotStarted}
{"logTime": "0322/145024", "correlationVector":"s4jhaYt3hy1X6fJ+gfbaM+","action":"Normal GetUpdate request", "result":"", "context":cV=s4jhaYt3hy1X6fJ+gfbaM+
Refresh requested types: Encryption Keys}
{"logTime": "0322/145025", "correlationVector":"s4jhaYt3hy1X6fJ+gfbaM+.1","action":"SyncServerConnectionManagerRequest", "result":"SYNC_SERVER_OK", "context":{"environment":"Prod_SoutheastAsia_000j", "server":"GENERAL0100000C"}}
{"logTime": "0322/145025", "correlationVector":"s4jhaYt3hy1X6fJ+gfbaM+.2","action":"GetUpdates Response", "result":"SYNCER_OK", "context":Received 0 update(s). cV=s4jhaYt3hy1X6fJ+gfbaM+.0;server=GENERAL0100000C;cloudType=Consumer;environment=Prod_SoutheastAsia_000j;migrationStage=NotStarted}
{"logTime": "0322/150056", "correlationVector":"UlhuypMjXyY0X6JMpNq3cw.0","action":"FeedSettingFetch_homeCloud", "result":"0", "context":{}}
{"logTime": "0322/150056", "correlationVector":"Mzba9ypB+IQiUIh+0eU/HH.1","action":"SyncServerConnectionManagerRequest", "result":"SYNC_SERVER_OK", "context":{"environment":"Prod_SoutheastAsia_000j", "server":"GENERAL01000013"}}
{"logTime": "0322/150056", "correlationVector":"Mzba9ypB+IQiUIh+0eU/HH","action":"Initial GetUpdates", "result":"", "context":Reason: NEW_CLIENT. cV=Mzba9ypB+IQiUIh+0eU/HH}
{"logTime": "0322/150056", "correlationVector":"Mzba9ypB+IQiUIh+0eU/HH.2","action":"GetUpdates Response", "result":"SYNCER_OK", "context":Received 1 update(s). cV=Mzba9ypB+IQiUIh+0eU/HH.0;server=GENERAL01000013;cloudType=Consumer;environment=Prod_SoutheastAsia_000j;migrationStage=NotStarted}
{"logTime": "0322/150056", "correlationVector":"6YONsMFoYfdQZ1b7y5J92z","action":"Normal GetUpdate request", "result":"", "context":cV=6YONsMFoYfdQZ1b7y5J92z
Refresh requested types: Encryption Keys}
{"logTime": "0322/150056", "correlationVector":"6YONsMFoYfdQZ1b7y5J92z.1","action":"SyncServerConnectionManagerRequest", "result":"SYNC_SERVER_OK", "context":{"environment":"Prod_SoutheastAsia_000j", "server":"GENERAL0100001I"}}
{"logTime": "0322/150056", "correlationVector":"6YONsMFoYfdQZ1b7y5J92z.2","action":"GetUpdates Response", "result":"SYNCER_OK", "context":Received 0 update(s). cV=6YONsMFoYfdQZ1b7y5J92z.0;server=GENERAL0100001I;cloudType=Consumer;environment=Prod_SoutheastAsia_000j;migrationStage=NotStarted}
{"logTime": "0322/181609", "correlationVector":"qRa+hbE67CD/V2+pa1tERA.0","action":"FeedSettingFetch_homeCloud", "result":"0", "context":{}}
{"logTime": "0322/181609", "correlationVector":"eR2TlVOkUOCHnNTRrCtSSo.1","action":"SyncServerConnectionManagerRequest", "result":"SYNC_SERVER_OK", "context":{"environment":"Prod_SoutheastAsia_000j", "server":"GENERAL0100000T"}}
{"logTime": "0322/181609", "correlationVector":"eR2TlVOkUOCHnNTRrCtSSo","action":"Initial GetUpdates", "result":"", "context":Reason: NEW_CLIENT. cV=eR2TlVOkUOCHnNTRrCtSSo}
{"logTime": "0322/181609", "correlationVector":"eR2TlVOkUOCHnNTRrCtSSo.2","action":"GetUpdates Response", "result":"SYNCER_OK", "context":Received 1 update(s). cV=eR2TlVOkUOCHnNTRrCtSSo.0;server=GENERAL0100000T;cloudType=Consumer;environment=Prod_SoutheastAsia_000j;migrationStage=NotStarted}
{"logTime": "0322/181609", "correlationVector":"wgSeYA7ESeGS9Wm+bXTYQG","action":"SyncServerConnectionManagerRequest", "result":"SYNC_SERVER_OK", "context":{"environment":"", "server":""}}
{"logTime": "0322/181609", "correlationVector":"SyDxrQI02lxnStaPo4iwzS","action":"Normal GetUpdate request", "result":"", "context":cV=SyDxrQI02lxnStaPo4iwzS
Refresh requested types: Encryption Keys}
{"logTime": "0322/181609", "correlationVector":"SyDxrQI02lxnStaPo4iwzS.1","action":"SyncServerConnectionManagerRequest", "result":"SYNC_SERVER_OK", "context":{"environment":"Prod_SoutheastAsia_000j", "server":"GENERAL0100001I"}}
{"logTime": "0322/181609", "correlationVector":"SyDxrQI02lxnStaPo4iwzS.2","action":"GetUpdates Response", "result":"SYNCER_OK", "context":Received 0 update(s). cV=SyDxrQI02lxnStaPo4iwzS.0;server=GENERAL0100001I;cloudType=Consumer;environment=Prod_SoutheastAsia_000j;migrationStage=NotStarted}
{"logTime": "0322/181609", "correlationVector":"X2WL4ZVUu6MZjR9/GLwPvR","action":"Normal GetUpdate request", "result":"", "context":cV=X2WL4ZVUu6MZjR9/GLwPvR
Refresh requested types: Encryption Keys}
{"logTime": "0322/181609", "correlationVector":"X2WL4ZVUu6MZjR9/GLwPvR.1","action":"SyncServerConnectionManagerRequest", "result":"SYNC_SERVER_OK", "context":{"environment":"Prod_SoutheastAsia_000j", "server":"GENERAL0100000C"}}
{"logTime": "0322/181609", "correlationVector":"X2WL4ZVUu6MZjR9/GLwPvR.2","action":"GetUpdates Response", "result":"SYNCER_OK", "context":Received 0 update(s). cV=X2WL4ZVUu6MZjR9/GLwPvR.0;server=GENERAL0100000C;cloudType=Consumer;environment=Prod_SoutheastAsia_000j;migrationStage=NotStarted}
{"logTime": "0322/182845", "correlationVector":"6qJCJtT5yGITSPDqv2ZOGu.0","action":"FeedSettingFetch_homeCloud", "result":"0", "context":{}}
{"logTime": "0322/182845", "correlationVector":"pq0E7nkmZIlEFmamLaR+KH.1","action":"SyncServerConnectionManagerRequest", "result":"SYNC_SERVER_OK", "context":{"environment":"Prod_SoutheastAsia_000j", "server":"GENERAL01000013"}}
{"logTime": "0322/182845", "correlationVector":"pq0E7nkmZIlEFmamLaR+KH","action":"Initial GetUpdates", "result":"", "context":Reason: NEW_CLIENT. cV=pq0E7nkmZIlEFmamLaR+KH}
{"logTime": "0322/182845", "correlationVector":"pq0E7nkmZIlEFmamLaR+KH.2","action":"GetUpdates Response", "result":"SYNCER_OK", "context":Received 1 update(s). cV=pq0E7nkmZIlEFmamLaR+KH.0;server=GENERAL01000013;cloudType=Consumer;environment=Prod_SoutheastAsia_000j;migrationStage=NotStarted}
{"logTime": "0322/182845", "correlationVector":"f+BVGnda0oe2fMoM5m9uzo","action":"SyncServerConnectionManagerRequest", "result":"SYNC_SERVER_OK", "context":{"environment":"", "server":""}}
{"logTime": "0322/182845", "correlationVector":"6R/JK4KfSzbV98ajSdW6GO","action":"Normal GetUpdate request", "result":"", "context":cV=6R/JK4KfSzbV98ajSdW6GO
Refresh requested types: Encryption Keys}
{"logTime": "0322/182845", "correlationVector":"6R/JK4KfSzbV98ajSdW6GO.1","action":"SyncServerConnectionManagerRequest", "result":"SYNC_SERVER_OK", "context":{"environment":"Prod_SoutheastAsia_000j", "server":"GENERAL01000005"}}
{"logTime": "0322/182845", "correlationVector":"6R/JK4KfSzbV98ajSdW6GO.2","action":"GetUpdates Response", "result":"SYNCER_OK", "context":Received 0 update(s). cV=6R/JK4KfSzbV98ajSdW6GO.0;server=GENERAL01000005;cloudType=Consumer;environment=Prod_SoutheastAsia_000j;migrationStage=NotStarted}
{"logTime": "0322/182845", "correlationVector":"oh1YORd16kctuiJieG0iqm","action":"Normal GetUpdate request", "result":"", "context":cV=oh1YORd16kctuiJieG0iqm
Refresh requested types: Encryption Keys}
{"logTime": "0322/182845", "correlationVector":"oh1YORd16kctuiJieG0iqm.1","action":"SyncServerConnectionManagerRequest", "result":"SYNC_SERVER_OK", "context":{"environment":"Prod_SoutheastAsia_000j", "server":"GENERAL0100001F"}}
{"logTime": "0322/182845", "correlationVector":"oh1YORd16kctuiJieG0iqm.2","action":"GetUpdates Response", "result":"SYNCER_OK", "context":Received 0 update(s). cV=oh1YORd16kctuiJieG0iqm.0;server=GENERAL0100001F;cloudType=Consumer;environment=Prod_SoutheastAsia_000j;migrationStage=NotStarted}
{"logTime": "0323/165922", "correlationVector":"OHho9M6PI+frcgxaZYDocz.0","action":"FeedSettingFetch_homeCloud", "result":"0", "context":{}}
{"logTime": "0323/165922", "correlationVector":"qvUHPFJuGwXWduwuW8DXb4.1","action":"SyncServerConnectionManagerRequest", "result":"SYNC_SERVER_OK", "context":{"environment":"Prod_SoutheastAsia_000j", "server":"GENERAL01000010"}}
{"logTime": "0323/165922", "correlationVector":"qvUHPFJuGwXWduwuW8DXb4","action":"Initial GetUpdates", "result":"", "context":Reason: NEW_CLIENT. cV=qvUHPFJuGwXWduwuW8DXb4}
{"logTime": "0323/165922", "correlationVector":"qvUHPFJuGwXWduwuW8DXb4.2","action":"GetUpdates Response", "result":"SYNCER_OK", "context":Received 1 update(s). cV=qvUHPFJuGwXWduwuW8DXb4.0;server=GENERAL01000010;cloudType=Consumer;environment=Prod_SoutheastAsia_000j;migrationStage=NotStarted}
{"logTime": "0323/165922", "correlationVector":"6c5Yt7JtJ+gpkP+SBZ8mBy","action":"SyncServerConnectionManagerRequest", "result":"SYNC_SERVER_OK", "context":{"environment":"", "server":""}}
{"logTime": "0323/165922", "correlationVector":"DqGBCelAlDF7Ch8NvtP896","action":"Normal GetUpdate request", "result":"", "context":cV=DqGBCelAlDF7Ch8NvtP896
Refresh requested types: Encryption Keys}
{"logTime": "0323/165922", "correlationVector":"DqGBCelAlDF7Ch8NvtP896.1","action":"SyncServerConnectionManagerRequest", "result":"SYNC_SERVER_OK", "context":{"environment":"Prod_SoutheastAsia_000j", "server":"GENERAL0100000B"}}
{"logTime": "0323/165922", "correlationVector":"DqGBCelAlDF7Ch8NvtP896.2","action":"GetUpdates Response", "result":"SYNCER_OK", "context":Received 0 update(s). cV=DqGBCelAlDF7Ch8NvtP896.0;server=GENERAL0100000B;cloudType=Consumer;environment=Prod_SoutheastAsia_000j;migrationStage=NotStarted}
{"logTime": "0323/165922", "correlationVector":"vjqaTBrl/MiUz8XAWfBsQF","action":"Normal GetUpdate request", "result":"", "context":cV=vjqaTBrl/MiUz8XAWfBsQF
Refresh requested types: Encryption Keys}
{"logTime": "0323/165922", "correlationVector":"vjqaTBrl/MiUz8XAWfBsQF.1","action":"SyncServerConnectionManagerRequest", "result":"SYNC_SERVER_OK", "context":{"environment":"Prod_SoutheastAsia_000j", "server":"GENERAL01000016"}}
{"logTime": "0323/165922", "correlationVector":"vjqaTBrl/MiUz8XAWfBsQF.2","action":"GetUpdates Response", "result":"SYNCER_OK", "context":Received 0 update(s). cV=vjqaTBrl/MiUz8XAWfBsQF.0;server=GENERAL01000016;cloudType=Consumer;environment=Prod_SoutheastAsia_000j;migrationStage=NotStarted}
{"logTime": "0323/170056", "correlationVector":"QyLSrmVh/eN1G02cyqtK10","action":"Poll GetUpdate request", "result":"", "context":cV=QyLSrmVh/eN1G02cyqtK10}
{"logTime": "0323/170057", "correlationVector":"QyLSrmVh/eN1G02cyqtK10.1","action":"SyncServerConnectionManagerRequest", "result":"SYNC_SERVER_OK", "context":{"environment":"Prod_SoutheastAsia_000j", "server":"GENERAL0100000V"}}
{"logTime": "0323/170057", "correlationVector":"QyLSrmVh/eN1G02cyqtK10.2","action":"GetUpdates Response", "result":"SYNCER_OK", "context":Received 0 update(s). cV=QyLSrmVh/eN1G02cyqtK10.0;server=GENERAL0100000V;cloudType=Consumer;environment=Prod_SoutheastAsia_000j;migrationStage=NotStarted}
{"logTime": "0405/044841", "correlationVector":"INVALID_CV","action":"FeedSettingFetch_homeCloud", "result":"4", "context":{"status_code":"3", "status_message":"Network Error: net::ERR_NAME_NOT_RESOLVED"}}
{"logTime": "0405/044841", "correlationVector":"INVALID_CV","action":"FeedSettingFetch_homeCloud", "result":"4", "context":{"status_code":"3", "status_message":"Network Error: net::ERR_NAME_NOT_RESOLVED"}}
{"logTime": "0405/044841", "correlationVector":"INVALID_CV","action":"FeedSettingFetch_homeCloud", "result":"4", "context":{"status_code":"3", "status_message":"Network Error: net::ERR_INTERNET_DISCONNECTED"}}
{"logTime": "0405/044841", "correlationVector":"INVALID_CV","action":"FeedSettingFetch_homeCloud", "result":"4", "context":{"status_code":"3", "status_message":"Network Error: net::ERR_INTERNET_DISCONNECTED"}}
{"logTime": "0405/044854", "correlationVector":"INVALID_CV","action":"FeedSettingFetch_homeCloud", "result":"4", "context":{"status_code":"3", "status_message":"Network Error: net::ERR_INTERNET_DISCONNECTED"}}
{"logTime": "0405/045011", "correlationVector":"LbE4iYcVdbJoZoGo8iIHd4.0","action":"FeedSettingFetch_homeCloud", "result":"0", "context":{}}
{"logTime": "0405/045011", "correlationVector":"LbE4iYcVdbJoZoGo8iIHd4.0","action":"SyncServerConnectionManagerRequest", "result":"SYNC_SERVER_OK", "context":{"environment":"", "migrationStage":"", "server":""}}
{"logTime": "0405/045013", "correlationVector":"Me2xuCPQ/C8rh0tEZeYNzV.1","action":"SyncServerConnectionManagerRequest", "result":"SYNC_SERVER_OK", "context":{"environment":"Prod_SoutheastAsia_000j", "migrationStage":"NotStarted", "server":"GENERAL0100000E"}}
{"logTime": "0405/045013", "correlationVector":"Me2xuCPQ/C8rh0tEZeYNzV","action":"Initial GetUpdates", "result":"", "context":Reason: NEW_CLIENT. cV=Me2xuCPQ/C8rh0tEZeYNzV}
{"logTime": "0405/045013", "correlationVector":"Me2xuCPQ/C8rh0tEZeYNzV.2","action":"GetUpdates Response", "result":"SYNCER_OK", "context":Received 1 update(s). cV=Me2xuCPQ/C8rh0tEZeYNzV.0;server=GENERAL0100000E;cloudType=Consumer;environment=Prod_SoutheastAsia_000j;migrationStage=NotStarted}
{"logTime": "0405/045013", "correlationVector":"bbLidTAcINAu7TRaCsdvho","action":"Normal GetUpdate request", "result":"", "context":cV=bbLidTAcINAu7TRaCsdvho
Refresh requested types: Encryption Keys}
{"logTime": "0405/045014", "correlationVector":"bbLidTAcINAu7TRaCsdvho.1","action":"SyncServerConnectionManagerRequest", "result":"SYNC_SERVER_OK", "context":{"environment":"Prod_SoutheastAsia_000j", "migrationStage":"NotStarted", "server":"GENERAL0100000Z"}}
{"logTime": "0405/045014", "correlationVector":"bbLidTAcINAu7TRaCsdvho.2","action":"GetUpdates Response", "result":"SYNCER_OK", "context":Received 0 update(s). cV=bbLidTAcINAu7TRaCsdvho.0;server=GENERAL0100000Z;cloudType=Consumer;environment=Prod_SoutheastAsia_000j;migrationStage=NotStarted}
{"logTime": "0405/045254", "correlationVector":"3IV9cX06689MerI/Cx/0xt","action":"Poll GetUpdate request", "result":"", "context":cV=3IV9cX06689MerI/Cx/0xt}
{"logTime": "0405/045301", "correlationVector":"3IV9cX06689MerI/Cx/0xt.1","action":"SyncServerConnectionManagerRequest", "result":"SYNC_SERVER_OK", "context":{"environment":"Prod_SoutheastAsia_000j", "migrationStage":"NotStarted", "server":"GENERAL0100001C"}}
{"logTime": "0405/045301", "correlationVector":"3IV9cX06689MerI/Cx/0xt.2","action":"GetUpdates Response", "result":"SYNCER_OK", "context":Received 0 update(s). cV=3IV9cX06689MerI/Cx/0xt.0;server=GENERAL0100001C;cloudType=Consumer;environment=Prod_SoutheastAsia_000j;migrationStage=NotStarted}
